<?xml version="1.0" encoding="UTF-8"?>
<!-- Generated by org.testng.reporters.JUnitReportReporter -->
<testsuite hostname="heena-Inspiron-5567" failures="0" tests="2" name="Qktraining.CalculatorCICD.Addition" time="0.015" errors="0" timestamp="2021-05-18T10:15:40 IST" skipped="0">
  <testcase classname="Qktraining.CalculatorCICD.Addition" name="TestAddition" time="0.012"/>
  <system-out/>
  <testcase classname="Qktraining.CalculatorCICD.Addition" name="TestAdditionWithZero" time="0.003"/>
  <system-out/>
</testsuite> <!-- Qktraining.CalculatorCICD.Addition -->
