<?xml version="1.0" encoding="UTF-8"?>
<!-- Generated by org.testng.reporters.JUnitReportReporter -->
<testsuite hostname="heena-Inspiron-5567" failures="0" tests="2" name="Qktraining.CalculatorCICD.TestingSubtractionTestCases" time="0.016" errors="0" timestamp="2021-05-18T10:15:40 IST" skipped="0">
  <testcase classname="Qktraining.CalculatorCICD.TestingSubtractionTestCases" name="TestSubtractionWithPositiveNumbers" time="0.007"/>
  <system-out/>
  <testcase classname="Qktraining.CalculatorCICD.TestingSubtractionTestCases" name="TestSubtractionWith1Positive1NegativeNumbers" time="0.009"/>
  <system-out/>
</testsuite> <!-- Qktraining.CalculatorCICD.TestingSubtractionTestCases -->
